[0.545s] DEBUG:colcon:Command line arguments: ['/usr/bin/colcon', 'build']
[0.545s] DEBUG:colcon:Parsed command line arguments: Namespace(log_base=None, log_level=None, verb_name='build', build_base='build', install_base='install', merge_install=False, symlink_install=False, test_result_base=None, continue_on_error=False, executor='parallel', parallel_workers=8, event_handlers=None, ignore_user_meta=False, metas=['./colcon.meta'], base_paths=['.'], packages_ignore=None, packages_ignore_regex=None, paths=None, packages_up_to=None, packages_up_to_regex=None, packages_above=None, packages_above_and_dependencies=None, packages_above_depth=None, packages_select_by_dep=None, packages_skip_by_dep=None, packages_skip_up_to=None, packages_select_build_failed=False, packages_skip_build_finished=False, packages_select_test_failures=False, packages_skip_test_passed=False, packages_select=None, packages_skip=None, packages_select_regex=None, packages_skip_regex=None, packages_start=None, packages_end=None, allow_overriding=[], cmake_args=None, cmake_target=None, cmake_target_skip_unavailable=False, cmake_clean_cache=False, cmake_clean_first=False, cmake_force_configure=False, ament_cmake_args=None, catkin_cmake_args=None, catkin_skip_building_tests=False, verb_parser=<colcon_defaults.argument_parser.defaults.DefaultArgumentsDecorator object at 0xffffa0742ef0>, verb_extension=<colcon_core.verb.build.BuildVerb object at 0xffffa089cd90>, main=<bound method BuildVerb.main of <colcon_core.verb.build.BuildVerb object at 0xffffa089cd90>>)
[1.293s] Level 1:colcon.colcon_core.package_discovery:discover_packages(colcon_meta) check parameters
[1.294s] Level 1:colcon.colcon_core.package_discovery:discover_packages(recursive) check parameters
[1.294s] Level 1:colcon.colcon_core.package_discovery:discover_packages(ignore) check parameters
[1.294s] Level 1:colcon.colcon_core.package_discovery:discover_packages(path) check parameters
[1.294s] Level 1:colcon.colcon_core.package_discovery:discover_packages(colcon_meta) discover
[1.295s] Level 1:colcon.colcon_core.package_discovery:discover_packages(recursive) discover
[1.295s] INFO:colcon.colcon_core.package_discovery:Crawling recursively for packages in '/userdata/pyx_ws'
[1.296s] Level 1:colcon.colcon_core.package_identification:_identify(.) by extensions ['ignore', 'ignore_ament_install']
[1.296s] Level 1:colcon.colcon_core.package_identification:_identify(.) by extension 'ignore'
[1.296s] Level 1:colcon.colcon_core.package_identification:_identify(.) by extension 'ignore_ament_install'
[1.297s] Level 1:colcon.colcon_core.package_identification:_identify(.) by extensions ['colcon_pkg']
[1.297s] Level 1:colcon.colcon_core.package_identification:_identify(.) by extension 'colcon_pkg'
[1.297s] Level 1:colcon.colcon_core.package_identification:_identify(.) by extensions ['colcon_meta']
[1.298s] Level 1:colcon.colcon_core.package_identification:_identify(.) by extension 'colcon_meta'
[1.298s] Level 1:colcon.colcon_core.package_identification:_identify(.) by extensions ['ros']
[1.298s] Level 1:colcon.colcon_core.package_identification:_identify(.) by extension 'ros'
[1.364s] Level 1:colcon.colcon_core.package_identification:_identify(.) by extensions ['cmake', 'python']
[1.365s] Level 1:colcon.colcon_core.package_identification:_identify(.) by extension 'cmake'
[1.365s] Level 1:colcon.colcon_core.package_identification:_identify(.) by extension 'python'
[1.365s] Level 1:colcon.colcon_core.package_identification:_identify(.) by extensions ['python_setup_py']
[1.366s] Level 1:colcon.colcon_core.package_identification:_identify(.) by extension 'python_setup_py'
[1.366s] Level 1:colcon.colcon_core.package_identification:_identify(body_pose_subscriber) by extensions ['ignore', 'ignore_ament_install']
[1.367s] Level 1:colcon.colcon_core.package_identification:_identify(body_pose_subscriber) by extension 'ignore'
[1.367s] Level 1:colcon.colcon_core.package_identification:_identify(body_pose_subscriber) by extension 'ignore_ament_install'
[1.368s] Level 1:colcon.colcon_core.package_identification:_identify(body_pose_subscriber) by extensions ['colcon_pkg']
[1.368s] Level 1:colcon.colcon_core.package_identification:_identify(body_pose_subscriber) by extension 'colcon_pkg'
[1.368s] Level 1:colcon.colcon_core.package_identification:_identify(body_pose_subscriber) by extensions ['colcon_meta']
[1.368s] Level 1:colcon.colcon_core.package_identification:_identify(body_pose_subscriber) by extension 'colcon_meta'
[1.369s] Level 1:colcon.colcon_core.package_identification:_identify(body_pose_subscriber) by extensions ['ros']
[1.369s] Level 1:colcon.colcon_core.package_identification:_identify(body_pose_subscriber) by extension 'ros'
[1.384s] DEBUG:colcon.colcon_core.package_identification:Package 'body_pose_subscriber' with type 'ros.ament_python' and name 'body_pose_subscriber'
[1.385s] Level 1:colcon.colcon_core.package_identification:_identify(build) by extensions ['ignore', 'ignore_ament_install']
[1.385s] Level 1:colcon.colcon_core.package_identification:_identify(build) by extension 'ignore'
[1.386s] Level 1:colcon.colcon_core.package_identification:_identify(build) ignored
[1.387s] Level 1:colcon.colcon_core.package_identification:_identify(install) by extensions ['ignore', 'ignore_ament_install']
[1.387s] Level 1:colcon.colcon_core.package_identification:_identify(install) by extension 'ignore'
[1.387s] Level 1:colcon.colcon_core.package_identification:_identify(install) ignored
[1.388s] Level 1:colcon.colcon_core.package_identification:_identify(log) by extensions ['ignore', 'ignore_ament_install']
[1.388s] Level 1:colcon.colcon_core.package_identification:_identify(log) by extension 'ignore'
[1.389s] Level 1:colcon.colcon_core.package_identification:_identify(log) ignored
[1.389s] Level 1:colcon.colcon_core.package_discovery:discover_packages(recursive) using defaults
[1.389s] Level 1:colcon.colcon_core.package_discovery:discover_packages(ignore) discover
[1.389s] Level 1:colcon.colcon_core.package_discovery:discover_packages(ignore) using defaults
[1.390s] Level 1:colcon.colcon_core.package_discovery:discover_packages(path) discover
[1.390s] Level 1:colcon.colcon_core.package_discovery:discover_packages(path) using defaults
[1.503s] Level 1:colcon.colcon_core.package_discovery:discover_packages(prefix_path) check parameters
[1.503s] Level 1:colcon.colcon_core.package_discovery:discover_packages(prefix_path) discover
[1.508s] Level 1:colcon.colcon_core.package_discovery:discover_packages(prefix_path) using defaults
[1.514s] Level 5:colcon.colcon_core.verb:set package 'body_pose_subscriber' build argument 'cmake_args' from command line to 'None'
[1.514s] Level 5:colcon.colcon_core.verb:set package 'body_pose_subscriber' build argument 'cmake_target' from command line to 'None'
[1.514s] Level 5:colcon.colcon_core.verb:set package 'body_pose_subscriber' build argument 'cmake_target_skip_unavailable' from command line to 'False'
[1.515s] Level 5:colcon.colcon_core.verb:set package 'body_pose_subscriber' build argument 'cmake_clean_cache' from command line to 'False'
[1.515s] Level 5:colcon.colcon_core.verb:set package 'body_pose_subscriber' build argument 'cmake_clean_first' from command line to 'False'
[1.515s] Level 5:colcon.colcon_core.verb:set package 'body_pose_subscriber' build argument 'cmake_force_configure' from command line to 'False'
[1.515s] Level 5:colcon.colcon_core.verb:set package 'body_pose_subscriber' build argument 'ament_cmake_args' from command line to 'None'
[1.515s] Level 5:colcon.colcon_core.verb:set package 'body_pose_subscriber' build argument 'catkin_cmake_args' from command line to 'None'
[1.516s] Level 5:colcon.colcon_core.verb:set package 'body_pose_subscriber' build argument 'catkin_skip_building_tests' from command line to 'False'
[1.516s] DEBUG:colcon.colcon_core.verb:Building package 'body_pose_subscriber' with the following arguments: {'ament_cmake_args': None, 'build_base': '/userdata/pyx_ws/build/body_pose_subscriber', 'catkin_cmake_args': None, 'catkin_skip_building_tests': False, 'cmake_args': None, 'cmake_clean_cache': False, 'cmake_clean_first': False, 'cmake_force_configure': False, 'cmake_target': None, 'cmake_target_skip_unavailable': False, 'install_base': '/userdata/pyx_ws/install/body_pose_subscriber', 'merge_install': False, 'path': '/userdata/pyx_ws/body_pose_subscriber', 'symlink_install': False, 'test_result_base': None}
[1.517s] INFO:colcon.colcon_core.executor:Executing jobs using 'parallel' executor
[1.522s] DEBUG:colcon.colcon_parallel_executor.executor.parallel:run_until_complete
[1.523s] INFO:colcon.colcon_ros.task.ament_python.build:Building ROS package in '/userdata/pyx_ws/body_pose_subscriber' with build type 'ament_python'
[1.524s] Level 1:colcon.colcon_core.shell:create_environment_hook('body_pose_subscriber', 'ament_prefix_path')
[1.535s] INFO:colcon.colcon_core.plugin_system:Skipping extension 'colcon_core.shell.bat': Not used on non-Windows systems
[1.537s] INFO:colcon.colcon_core.shell:Creating environment hook '/userdata/pyx_ws/install/body_pose_subscriber/share/body_pose_subscriber/hook/ament_prefix_path.ps1'
[1.541s] INFO:colcon.colcon_core.shell:Creating environment descriptor '/userdata/pyx_ws/install/body_pose_subscriber/share/body_pose_subscriber/hook/ament_prefix_path.dsv'
[1.544s] INFO:colcon.colcon_core.shell:Creating environment hook '/userdata/pyx_ws/install/body_pose_subscriber/share/body_pose_subscriber/hook/ament_prefix_path.sh'
[1.550s] INFO:colcon.colcon_core.shell:Skip shell extension 'powershell' for command environment: Not usable outside of PowerShell
[1.550s] DEBUG:colcon.colcon_core.shell:Skip shell extension 'dsv' for command environment
[2.785s] INFO:colcon.colcon_core.task.python.build:Building Python package in '/userdata/pyx_ws/body_pose_subscriber'
[2.786s] INFO:colcon.colcon_core.shell:Skip shell extension 'powershell' for command environment: Not usable outside of PowerShell
[2.787s] DEBUG:colcon.colcon_core.shell:Skip shell extension 'dsv' for command environment
[4.639s] DEBUG:colcon.colcon_core.event_handler.log_command:Invoking command in '/userdata/pyx_ws/body_pose_subscriber': PYTHONPATH=/userdata/pyx_ws/build/body_pose_subscriber/prefix_override:/usr/lib/python3/dist-packages/colcon_core/task/python/colcon_distutils_commands:/userdata/pyx_ws/install/body_pose_subscriber/lib/python3.10/site-packages: /usr/bin/python3 -W ignore:setup.py install is deprecated -W ignore:easy_install command is deprecated setup.py egg_info --egg-base ../build/body_pose_subscriber build --build-base /userdata/pyx_ws/build/body_pose_subscriber/build install --record /userdata/pyx_ws/build/body_pose_subscriber/install.log --single-version-externally-managed install_data
[6.087s] DEBUG:colcon.colcon_core.event_handler.log_command:Invoked command in '/userdata/pyx_ws/body_pose_subscriber' returned '0': PYTHONPATH=/userdata/pyx_ws/build/body_pose_subscriber/prefix_override:/usr/lib/python3/dist-packages/colcon_core/task/python/colcon_distutils_commands:/userdata/pyx_ws/install/body_pose_subscriber/lib/python3.10/site-packages: /usr/bin/python3 -W ignore:setup.py install is deprecated -W ignore:easy_install command is deprecated setup.py egg_info --egg-base ../build/body_pose_subscriber build --build-base /userdata/pyx_ws/build/body_pose_subscriber/build install --record /userdata/pyx_ws/build/body_pose_subscriber/install.log --single-version-externally-managed install_data
[6.105s] Level 1:colcon.colcon_core.environment:checking '/userdata/pyx_ws/install/body_pose_subscriber' for CMake module files
[6.108s] Level 1:colcon.colcon_core.environment:checking '/userdata/pyx_ws/install/body_pose_subscriber' for CMake config files
[6.114s] Level 1:colcon.colcon_core.environment:checking '/userdata/pyx_ws/install/body_pose_subscriber/lib'
[6.116s] Level 1:colcon.colcon_core.environment:checking '/userdata/pyx_ws/install/body_pose_subscriber/bin'
[6.117s] Level 1:colcon.colcon_core.environment:checking '/userdata/pyx_ws/install/body_pose_subscriber/lib/pkgconfig/body_pose_subscriber.pc'
[6.120s] Level 1:colcon.colcon_core.environment:checking '/userdata/pyx_ws/install/body_pose_subscriber/lib/python3.10/site-packages'
[6.121s] Level 1:colcon.colcon_core.shell:create_environment_hook('body_pose_subscriber', 'pythonpath')
[6.124s] INFO:colcon.colcon_core.shell:Creating environment hook '/userdata/pyx_ws/install/body_pose_subscriber/share/body_pose_subscriber/hook/pythonpath.ps1'
[6.129s] INFO:colcon.colcon_core.shell:Creating environment descriptor '/userdata/pyx_ws/install/body_pose_subscriber/share/body_pose_subscriber/hook/pythonpath.dsv'
[6.131s] INFO:colcon.colcon_core.shell:Creating environment hook '/userdata/pyx_ws/install/body_pose_subscriber/share/body_pose_subscriber/hook/pythonpath.sh'
[6.135s] Level 1:colcon.colcon_core.environment:checking '/userdata/pyx_ws/install/body_pose_subscriber/bin'
[6.135s] Level 1:colcon.colcon_core.environment:create_environment_scripts_only(body_pose_subscriber)
[6.138s] INFO:colcon.colcon_core.shell:Creating package script '/userdata/pyx_ws/install/body_pose_subscriber/share/body_pose_subscriber/package.ps1'
[6.144s] INFO:colcon.colcon_core.shell:Creating package descriptor '/userdata/pyx_ws/install/body_pose_subscriber/share/body_pose_subscriber/package.dsv'
[6.147s] INFO:colcon.colcon_core.shell:Creating package script '/userdata/pyx_ws/install/body_pose_subscriber/share/body_pose_subscriber/package.sh'
[6.153s] INFO:colcon.colcon_core.shell:Creating package script '/userdata/pyx_ws/install/body_pose_subscriber/share/body_pose_subscriber/package.bash'
[6.159s] INFO:colcon.colcon_core.shell:Creating package script '/userdata/pyx_ws/install/body_pose_subscriber/share/body_pose_subscriber/package.zsh'
[6.164s] Level 1:colcon.colcon_core.environment:create_file_with_runtime_dependencies(/userdata/pyx_ws/install/body_pose_subscriber/share/colcon-core/packages/body_pose_subscriber)
[6.166s] DEBUG:colcon.colcon_parallel_executor.executor.parallel:closing loop
[6.168s] DEBUG:colcon.colcon_parallel_executor.executor.parallel:loop closed
[6.168s] DEBUG:colcon.colcon_parallel_executor.executor.parallel:run_until_complete finished with '0'
[6.169s] DEBUG:colcon.colcon_core.event_reactor:joining thread
[6.195s] INFO:colcon.colcon_core.plugin_system:Skipping extension 'colcon_notification.desktop_notification.notify_send': Could not find 'notify-send'
[6.196s] INFO:colcon.colcon_core.plugin_system:Skipping extension 'colcon_notification.desktop_notification.terminal_notifier': Not used on non-Darwin systems
[6.196s] INFO:colcon.colcon_core.plugin_system:Skipping extension 'colcon_notification.desktop_notification.win32': Not used on non-Windows systems
[6.197s] INFO:colcon.colcon_notification.desktop_notification:Sending desktop notification using 'notify2'
[31.226s] DEBUG:colcon.colcon_notification.desktop_notification.notify2:Failed to initialize notify2: org.freedesktop.DBus.Error.NoReply: Did not receive a reply. Possible causes include: the remote application did not send a reply, the message bus security policy blocked the reply, the reply timeout expired, or the network connection was broken.
[31.226s] DEBUG:colcon.colcon_core.event_reactor:joined thread
[31.228s] INFO:colcon.colcon_core.shell:Creating prefix script '/userdata/pyx_ws/install/local_setup.ps1'
[31.235s] INFO:colcon.colcon_core.shell:Creating prefix util module '/userdata/pyx_ws/install/_local_setup_util_ps1.py'
[31.246s] INFO:colcon.colcon_core.shell:Creating prefix chain script '/userdata/pyx_ws/install/setup.ps1'
[31.252s] INFO:colcon.colcon_core.shell:Creating prefix script '/userdata/pyx_ws/install/local_setup.sh'
[31.255s] INFO:colcon.colcon_core.shell:Creating prefix util module '/userdata/pyx_ws/install/_local_setup_util_sh.py'
[31.260s] INFO:colcon.colcon_core.shell:Creating prefix chain script '/userdata/pyx_ws/install/setup.sh'
[31.266s] INFO:colcon.colcon_core.shell:Creating prefix script '/userdata/pyx_ws/install/local_setup.bash'
[31.269s] INFO:colcon.colcon_core.shell:Creating prefix chain script '/userdata/pyx_ws/install/setup.bash'
[31.274s] INFO:colcon.colcon_core.shell:Creating prefix script '/userdata/pyx_ws/install/local_setup.zsh'
[31.278s] INFO:colcon.colcon_core.shell:Creating prefix chain script '/userdata/pyx_ws/install/setup.zsh'
