[0.592s] DEBUG:colcon:Command line arguments: ['/usr/bin/colcon', 'build']
[0.593s] DEBUG:colcon:Parsed command line arguments: Namespace(log_base=None, log_level=None, verb_name='build', build_base='build', install_base='install', merge_install=False, symlink_install=False, test_result_base=None, continue_on_error=False, executor='parallel', parallel_workers=8, event_handlers=None, ignore_user_meta=False, metas=['./colcon.meta'], base_paths=['.'], packages_ignore=None, packages_ignore_regex=None, paths=None, packages_up_to=None, packages_up_to_regex=None, packages_above=None, packages_above_and_dependencies=None, packages_above_depth=None, packages_select_by_dep=None, packages_skip_by_dep=None, packages_skip_up_to=None, packages_select_build_failed=False, packages_skip_build_finished=False, packages_select_test_failures=False, packages_skip_test_passed=False, packages_select=None, packages_skip=None, packages_select_regex=None, packages_skip_regex=None, packages_start=None, packages_end=None, allow_overriding=[], cmake_args=None, cmake_target=None, cmake_target_skip_unavailable=False, cmake_clean_cache=False, cmake_clean_first=False, cmake_force_configure=False, ament_cmake_args=None, catkin_cmake_args=None, catkin_skip_building_tests=False, verb_parser=<colcon_defaults.argument_parser.defaults.DefaultArgumentsDecorator object at 0xffffb7d7a890>, verb_extension=<colcon_core.verb.build.BuildVerb object at 0xffffb7ed4610>, main=<bound method BuildVerb.main of <colcon_core.verb.build.BuildVerb object at 0xffffb7ed4610>>)
[1.518s] Level 1:colcon.colcon_core.package_discovery:discover_packages(colcon_meta) check parameters
[1.519s] Level 1:colcon.colcon_core.package_discovery:discover_packages(recursive) check parameters
[1.519s] Level 1:colcon.colcon_core.package_discovery:discover_packages(ignore) check parameters
[1.520s] Level 1:colcon.colcon_core.package_discovery:discover_packages(path) check parameters
[1.520s] Level 1:colcon.colcon_core.package_discovery:discover_packages(colcon_meta) discover
[1.520s] Level 1:colcon.colcon_core.package_discovery:discover_packages(recursive) discover
[1.520s] INFO:colcon.colcon_core.package_discovery:Crawling recursively for packages in '/userdata/pyx_ws'
[1.521s] Level 1:colcon.colcon_core.package_identification:_identify(.) by extensions ['ignore', 'ignore_ament_install']
[1.521s] Level 1:colcon.colcon_core.package_identification:_identify(.) by extension 'ignore'
[1.522s] Level 1:colcon.colcon_core.package_identification:_identify(.) by extension 'ignore_ament_install'
[1.522s] Level 1:colcon.colcon_core.package_identification:_identify(.) by extensions ['colcon_pkg']
[1.522s] Level 1:colcon.colcon_core.package_identification:_identify(.) by extension 'colcon_pkg'
[1.522s] Level 1:colcon.colcon_core.package_identification:_identify(.) by extensions ['colcon_meta']
[1.523s] Level 1:colcon.colcon_core.package_identification:_identify(.) by extension 'colcon_meta'
[1.523s] Level 1:colcon.colcon_core.package_identification:_identify(.) by extensions ['ros']
[1.523s] Level 1:colcon.colcon_core.package_identification:_identify(.) by extension 'ros'
[1.588s] Level 1:colcon.colcon_core.package_identification:_identify(.) by extensions ['cmake', 'python']
[1.588s] Level 1:colcon.colcon_core.package_identification:_identify(.) by extension 'cmake'
[1.588s] Level 1:colcon.colcon_core.package_identification:_identify(.) by extension 'python'
[1.589s] Level 1:colcon.colcon_core.package_identification:_identify(.) by extensions ['python_setup_py']
[1.589s] Level 1:colcon.colcon_core.package_identification:_identify(.) by extension 'python_setup_py'
[1.590s] Level 1:colcon.colcon_core.package_identification:_identify(body_pose_subscriber) by extensions ['ignore', 'ignore_ament_install']
[1.590s] Level 1:colcon.colcon_core.package_identification:_identify(body_pose_subscriber) by extension 'ignore'
[1.590s] Level 1:colcon.colcon_core.package_identification:_identify(body_pose_subscriber) by extension 'ignore_ament_install'
[1.591s] Level 1:colcon.colcon_core.package_identification:_identify(body_pose_subscriber) by extensions ['colcon_pkg']
[1.591s] Level 1:colcon.colcon_core.package_identification:_identify(body_pose_subscriber) by extension 'colcon_pkg'
[1.591s] Level 1:colcon.colcon_core.package_identification:_identify(body_pose_subscriber) by extensions ['colcon_meta']
[1.591s] Level 1:colcon.colcon_core.package_identification:_identify(body_pose_subscriber) by extension 'colcon_meta'
[1.592s] Level 1:colcon.colcon_core.package_identification:_identify(body_pose_subscriber) by extensions ['ros']
[1.592s] Level 1:colcon.colcon_core.package_identification:_identify(body_pose_subscriber) by extension 'ros'
[1.606s] DEBUG:colcon.colcon_core.package_identification:Package 'body_pose_subscriber' with type 'ros.ament_python' and name 'body_pose_subscriber'
[1.607s] Level 1:colcon.colcon_core.package_identification:_identify(build) by extensions ['ignore', 'ignore_ament_install']
[1.607s] Level 1:colcon.colcon_core.package_identification:_identify(build) by extension 'ignore'
[1.608s] Level 1:colcon.colcon_core.package_identification:_identify(build) ignored
[1.608s] Level 1:colcon.colcon_core.package_identification:_identify(install) by extensions ['ignore', 'ignore_ament_install']
[1.609s] Level 1:colcon.colcon_core.package_identification:_identify(install) by extension 'ignore'
[1.609s] Level 1:colcon.colcon_core.package_identification:_identify(install) ignored
[1.610s] Level 1:colcon.colcon_core.package_identification:_identify(log) by extensions ['ignore', 'ignore_ament_install']
[1.610s] Level 1:colcon.colcon_core.package_identification:_identify(log) by extension 'ignore'
[1.610s] Level 1:colcon.colcon_core.package_identification:_identify(log) ignored
[1.610s] Level 1:colcon.colcon_core.package_discovery:discover_packages(recursive) using defaults
[1.611s] Level 1:colcon.colcon_core.package_discovery:discover_packages(ignore) discover
[1.611s] Level 1:colcon.colcon_core.package_discovery:discover_packages(ignore) using defaults
[1.611s] Level 1:colcon.colcon_core.package_discovery:discover_packages(path) discover
[1.611s] Level 1:colcon.colcon_core.package_discovery:discover_packages(path) using defaults
[1.729s] Level 1:colcon.colcon_core.package_discovery:discover_packages(prefix_path) check parameters
[1.729s] Level 1:colcon.colcon_core.package_discovery:discover_packages(prefix_path) discover
[1.737s] DEBUG:colcon.colcon_installed_package_information.package_discovery:Found 54 installed packages in /opt/tros/humble
[1.746s] DEBUG:colcon.colcon_installed_package_information.package_discovery:Found 182 installed packages in /opt/ros/humble
[1.754s] Level 1:colcon.colcon_core.package_discovery:discover_packages(prefix_path) using defaults
[2.039s] Level 5:colcon.colcon_core.verb:set package 'body_pose_subscriber' build argument 'cmake_args' from command line to 'None'
[2.039s] Level 5:colcon.colcon_core.verb:set package 'body_pose_subscriber' build argument 'cmake_target' from command line to 'None'
[2.040s] Level 5:colcon.colcon_core.verb:set package 'body_pose_subscriber' build argument 'cmake_target_skip_unavailable' from command line to 'False'
[2.040s] Level 5:colcon.colcon_core.verb:set package 'body_pose_subscriber' build argument 'cmake_clean_cache' from command line to 'False'
[2.040s] Level 5:colcon.colcon_core.verb:set package 'body_pose_subscriber' build argument 'cmake_clean_first' from command line to 'False'
[2.040s] Level 5:colcon.colcon_core.verb:set package 'body_pose_subscriber' build argument 'cmake_force_configure' from command line to 'False'
[2.040s] Level 5:colcon.colcon_core.verb:set package 'body_pose_subscriber' build argument 'ament_cmake_args' from command line to 'None'
[2.041s] Level 5:colcon.colcon_core.verb:set package 'body_pose_subscriber' build argument 'catkin_cmake_args' from command line to 'None'
[2.041s] Level 5:colcon.colcon_core.verb:set package 'body_pose_subscriber' build argument 'catkin_skip_building_tests' from command line to 'False'
[2.041s] DEBUG:colcon.colcon_core.verb:Building package 'body_pose_subscriber' with the following arguments: {'ament_cmake_args': None, 'build_base': '/userdata/pyx_ws/build/body_pose_subscriber', 'catkin_cmake_args': None, 'catkin_skip_building_tests': False, 'cmake_args': None, 'cmake_clean_cache': False, 'cmake_clean_first': False, 'cmake_force_configure': False, 'cmake_target': None, 'cmake_target_skip_unavailable': False, 'install_base': '/userdata/pyx_ws/install/body_pose_subscriber', 'merge_install': False, 'path': '/userdata/pyx_ws/body_pose_subscriber', 'symlink_install': False, 'test_result_base': None}
[2.042s] INFO:colcon.colcon_core.executor:Executing jobs using 'parallel' executor
[2.046s] DEBUG:colcon.colcon_parallel_executor.executor.parallel:run_until_complete
[2.048s] INFO:colcon.colcon_ros.task.ament_python.build:Building ROS package in '/userdata/pyx_ws/body_pose_subscriber' with build type 'ament_python'
[2.048s] Level 1:colcon.colcon_core.shell:create_environment_hook('body_pose_subscriber', 'ament_prefix_path')
[2.058s] INFO:colcon.colcon_core.plugin_system:Skipping extension 'colcon_core.shell.bat': Not used on non-Windows systems
[2.060s] INFO:colcon.colcon_core.shell:Creating environment hook '/userdata/pyx_ws/install/body_pose_subscriber/share/body_pose_subscriber/hook/ament_prefix_path.ps1'
[2.064s] INFO:colcon.colcon_core.shell:Creating environment descriptor '/userdata/pyx_ws/install/body_pose_subscriber/share/body_pose_subscriber/hook/ament_prefix_path.dsv'
[2.066s] INFO:colcon.colcon_core.shell:Creating environment hook '/userdata/pyx_ws/install/body_pose_subscriber/share/body_pose_subscriber/hook/ament_prefix_path.sh'
[2.071s] INFO:colcon.colcon_core.shell:Skip shell extension 'powershell' for command environment: Not usable outside of PowerShell
[2.071s] DEBUG:colcon.colcon_core.shell:Skip shell extension 'dsv' for command environment
[3.559s] INFO:colcon.colcon_core.task.python.build:Building Python package in '/userdata/pyx_ws/body_pose_subscriber'
[3.561s] INFO:colcon.colcon_core.shell:Skip shell extension 'powershell' for command environment: Not usable outside of PowerShell
[3.561s] DEBUG:colcon.colcon_core.shell:Skip shell extension 'dsv' for command environment
[5.641s] DEBUG:colcon.colcon_core.event_handler.log_command:Invoking command in '/userdata/pyx_ws/body_pose_subscriber': PYTHONPATH=/userdata/pyx_ws/build/body_pose_subscriber/prefix_override:/usr/lib/python3/dist-packages/colcon_core/task/python/colcon_distutils_commands:/userdata/pyx_ws/install/body_pose_subscriber/lib/python3.10/site-packages:${PYTHONPATH} /usr/bin/python3 -W ignore:setup.py install is deprecated -W ignore:easy_install command is deprecated setup.py egg_info --egg-base ../build/body_pose_subscriber build --build-base /userdata/pyx_ws/build/body_pose_subscriber/build install --record /userdata/pyx_ws/build/body_pose_subscriber/install.log --single-version-externally-managed install_data
[7.342s] DEBUG:colcon.colcon_core.event_handler.log_command:Invoked command in '/userdata/pyx_ws/body_pose_subscriber' returned '0': PYTHONPATH=/userdata/pyx_ws/build/body_pose_subscriber/prefix_override:/usr/lib/python3/dist-packages/colcon_core/task/python/colcon_distutils_commands:/userdata/pyx_ws/install/body_pose_subscriber/lib/python3.10/site-packages:${PYTHONPATH} /usr/bin/python3 -W ignore:setup.py install is deprecated -W ignore:easy_install command is deprecated setup.py egg_info --egg-base ../build/body_pose_subscriber build --build-base /userdata/pyx_ws/build/body_pose_subscriber/build install --record /userdata/pyx_ws/build/body_pose_subscriber/install.log --single-version-externally-managed install_data
[7.358s] Level 1:colcon.colcon_core.environment:checking '/userdata/pyx_ws/install/body_pose_subscriber' for CMake module files
[7.361s] Level 1:colcon.colcon_core.environment:checking '/userdata/pyx_ws/install/body_pose_subscriber' for CMake config files
[7.367s] Level 1:colcon.colcon_core.environment:checking '/userdata/pyx_ws/install/body_pose_subscriber/lib'
[7.369s] Level 1:colcon.colcon_core.environment:checking '/userdata/pyx_ws/install/body_pose_subscriber/bin'
[7.370s] Level 1:colcon.colcon_core.environment:checking '/userdata/pyx_ws/install/body_pose_subscriber/lib/pkgconfig/body_pose_subscriber.pc'
[7.373s] Level 1:colcon.colcon_core.environment:checking '/userdata/pyx_ws/install/body_pose_subscriber/lib/python3.10/site-packages'
[7.374s] Level 1:colcon.colcon_core.shell:create_environment_hook('body_pose_subscriber', 'pythonpath')
[7.377s] INFO:colcon.colcon_core.shell:Creating environment hook '/userdata/pyx_ws/install/body_pose_subscriber/share/body_pose_subscriber/hook/pythonpath.ps1'
[7.381s] INFO:colcon.colcon_core.shell:Creating environment descriptor '/userdata/pyx_ws/install/body_pose_subscriber/share/body_pose_subscriber/hook/pythonpath.dsv'
[7.384s] INFO:colcon.colcon_core.shell:Creating environment hook '/userdata/pyx_ws/install/body_pose_subscriber/share/body_pose_subscriber/hook/pythonpath.sh'
[7.388s] Level 1:colcon.colcon_core.environment:checking '/userdata/pyx_ws/install/body_pose_subscriber/bin'
[7.389s] Level 1:colcon.colcon_core.environment:create_environment_scripts_only(body_pose_subscriber)
[7.392s] INFO:colcon.colcon_core.shell:Creating package script '/userdata/pyx_ws/install/body_pose_subscriber/share/body_pose_subscriber/package.ps1'
[7.397s] INFO:colcon.colcon_core.shell:Creating package descriptor '/userdata/pyx_ws/install/body_pose_subscriber/share/body_pose_subscriber/package.dsv'
[7.401s] INFO:colcon.colcon_core.shell:Creating package script '/userdata/pyx_ws/install/body_pose_subscriber/share/body_pose_subscriber/package.sh'
[7.406s] INFO:colcon.colcon_core.shell:Creating package script '/userdata/pyx_ws/install/body_pose_subscriber/share/body_pose_subscriber/package.bash'
[7.411s] INFO:colcon.colcon_core.shell:Creating package script '/userdata/pyx_ws/install/body_pose_subscriber/share/body_pose_subscriber/package.zsh'
[7.417s] Level 1:colcon.colcon_core.environment:create_file_with_runtime_dependencies(/userdata/pyx_ws/install/body_pose_subscriber/share/colcon-core/packages/body_pose_subscriber)
[7.419s] DEBUG:colcon.colcon_parallel_executor.executor.parallel:closing loop
[7.420s] DEBUG:colcon.colcon_parallel_executor.executor.parallel:loop closed
[7.421s] DEBUG:colcon.colcon_parallel_executor.executor.parallel:run_until_complete finished with '0'
[7.421s] DEBUG:colcon.colcon_core.event_reactor:joining thread
[7.450s] INFO:colcon.colcon_core.plugin_system:Skipping extension 'colcon_notification.desktop_notification.notify_send': Could not find 'notify-send'
[7.450s] INFO:colcon.colcon_core.plugin_system:Skipping extension 'colcon_notification.desktop_notification.terminal_notifier': Not used on non-Darwin systems
[7.451s] INFO:colcon.colcon_core.plugin_system:Skipping extension 'colcon_notification.desktop_notification.win32': Not used on non-Windows systems
[7.451s] INFO:colcon.colcon_notification.desktop_notification:Sending desktop notification using 'notify2'
[32.479s] DEBUG:colcon.colcon_notification.desktop_notification.notify2:Failed to initialize notify2: org.freedesktop.DBus.Error.NoReply: Did not receive a reply. Possible causes include: the remote application did not send a reply, the message bus security policy blocked the reply, the reply timeout expired, or the network connection was broken.
[32.480s] DEBUG:colcon.colcon_core.event_reactor:joined thread
[32.481s] INFO:colcon.colcon_core.shell:Creating prefix script '/userdata/pyx_ws/install/local_setup.ps1'
[32.488s] INFO:colcon.colcon_core.shell:Creating prefix util module '/userdata/pyx_ws/install/_local_setup_util_ps1.py'
[32.500s] INFO:colcon.colcon_core.shell:Creating prefix chain script '/userdata/pyx_ws/install/setup.ps1'
[32.507s] INFO:colcon.colcon_core.shell:Creating prefix script '/userdata/pyx_ws/install/local_setup.sh'
[32.511s] INFO:colcon.colcon_core.shell:Creating prefix util module '/userdata/pyx_ws/install/_local_setup_util_sh.py'
[32.516s] INFO:colcon.colcon_core.shell:Creating prefix chain script '/userdata/pyx_ws/install/setup.sh'
[32.523s] INFO:colcon.colcon_core.shell:Creating prefix script '/userdata/pyx_ws/install/local_setup.bash'
[32.526s] INFO:colcon.colcon_core.shell:Creating prefix chain script '/userdata/pyx_ws/install/setup.bash'
[32.533s] INFO:colcon.colcon_core.shell:Creating prefix script '/userdata/pyx_ws/install/local_setup.zsh'
[32.536s] INFO:colcon.colcon_core.shell:Creating prefix chain script '/userdata/pyx_ws/install/setup.zsh'
