[0.651s] DEBUG:colcon:Command line arguments: ['/usr/bin/colcon', 'build']
[0.652s] DEBUG:colcon:Parsed command line arguments: Namespace(log_base=None, log_level=None, verb_name='build', build_base='build', install_base='install', merge_install=False, symlink_install=False, test_result_base=None, continue_on_error=False, executor='parallel', parallel_workers=8, event_handlers=None, ignore_user_meta=False, metas=['./colcon.meta'], base_paths=['.'], packages_ignore=None, packages_ignore_regex=None, paths=None, packages_up_to=None, packages_up_to_regex=None, packages_above=None, packages_above_and_dependencies=None, packages_above_depth=None, packages_select_by_dep=None, packages_skip_by_dep=None, packages_skip_up_to=None, packages_select_build_failed=False, packages_skip_build_finished=False, packages_select_test_failures=False, packages_skip_test_passed=False, packages_select=None, packages_skip=None, packages_select_regex=None, packages_skip_regex=None, packages_start=None, packages_end=None, allow_overriding=[], cmake_args=None, cmake_target=None, cmake_target_skip_unavailable=False, cmake_clean_cache=False, cmake_clean_first=False, cmake_force_configure=False, ament_cmake_args=None, catkin_cmake_args=None, catkin_skip_building_tests=False, verb_parser=<colcon_defaults.argument_parser.defaults.DefaultArgumentsDecorator object at 0xffff97b9a740>, verb_extension=<colcon_core.verb.build.BuildVerb object at 0xffff97cf44c0>, main=<bound method BuildVerb.main of <colcon_core.verb.build.BuildVerb object at 0xffff97cf44c0>>)
[1.929s] Level 1:colcon.colcon_core.package_discovery:discover_packages(colcon_meta) check parameters
[1.929s] Level 1:colcon.colcon_core.package_discovery:discover_packages(recursive) check parameters
[1.930s] Level 1:colcon.colcon_core.package_discovery:discover_packages(ignore) check parameters
[1.930s] Level 1:colcon.colcon_core.package_discovery:discover_packages(path) check parameters
[1.930s] Level 1:colcon.colcon_core.package_discovery:discover_packages(colcon_meta) discover
[1.930s] Level 1:colcon.colcon_core.package_discovery:discover_packages(recursive) discover
[1.931s] INFO:colcon.colcon_core.package_discovery:Crawling recursively for packages in '/userdata/pyx_ws'
[1.931s] Level 1:colcon.colcon_core.package_identification:_identify(.) by extensions ['ignore', 'ignore_ament_install']
[1.932s] Level 1:colcon.colcon_core.package_identification:_identify(.) by extension 'ignore'
[1.932s] Level 1:colcon.colcon_core.package_identification:_identify(.) by extension 'ignore_ament_install'
[1.932s] Level 1:colcon.colcon_core.package_identification:_identify(.) by extensions ['colcon_pkg']
[1.933s] Level 1:colcon.colcon_core.package_identification:_identify(.) by extension 'colcon_pkg'
[1.933s] Level 1:colcon.colcon_core.package_identification:_identify(.) by extensions ['colcon_meta']
[1.933s] Level 1:colcon.colcon_core.package_identification:_identify(.) by extension 'colcon_meta'
[1.933s] Level 1:colcon.colcon_core.package_identification:_identify(.) by extensions ['ros']
[1.934s] Level 1:colcon.colcon_core.package_identification:_identify(.) by extension 'ros'
[2.006s] Level 1:colcon.colcon_core.package_identification:_identify(.) by extensions ['cmake', 'python']
[2.007s] Level 1:colcon.colcon_core.package_identification:_identify(.) by extension 'cmake'
[2.007s] Level 1:colcon.colcon_core.package_identification:_identify(.) by extension 'python'
[2.008s] Level 1:colcon.colcon_core.package_identification:_identify(.) by extensions ['python_setup_py']
[2.008s] Level 1:colcon.colcon_core.package_identification:_identify(.) by extension 'python_setup_py'
[2.009s] Level 1:colcon.colcon_core.package_identification:_identify(body_pose_subscriber) by extensions ['ignore', 'ignore_ament_install']
[2.009s] Level 1:colcon.colcon_core.package_identification:_identify(body_pose_subscriber) by extension 'ignore'
[2.010s] Level 1:colcon.colcon_core.package_identification:_identify(body_pose_subscriber) by extension 'ignore_ament_install'
[2.010s] Level 1:colcon.colcon_core.package_identification:_identify(body_pose_subscriber) by extensions ['colcon_pkg']
[2.010s] Level 1:colcon.colcon_core.package_identification:_identify(body_pose_subscriber) by extension 'colcon_pkg'
[2.010s] Level 1:colcon.colcon_core.package_identification:_identify(body_pose_subscriber) by extensions ['colcon_meta']
[2.011s] Level 1:colcon.colcon_core.package_identification:_identify(body_pose_subscriber) by extension 'colcon_meta'
[2.011s] Level 1:colcon.colcon_core.package_identification:_identify(body_pose_subscriber) by extensions ['ros']
[2.011s] Level 1:colcon.colcon_core.package_identification:_identify(body_pose_subscriber) by extension 'ros'
[2.029s] DEBUG:colcon.colcon_core.package_identification:Package 'body_pose_subscriber' with type 'ros.ament_python' and name 'body_pose_subscriber'
[2.030s] Level 1:colcon.colcon_core.package_identification:_identify(build) by extensions ['ignore', 'ignore_ament_install']
[2.030s] Level 1:colcon.colcon_core.package_identification:_identify(build) by extension 'ignore'
[2.030s] Level 1:colcon.colcon_core.package_identification:_identify(build) ignored
[2.031s] Level 1:colcon.colcon_core.package_identification:_identify(install) by extensions ['ignore', 'ignore_ament_install']
[2.032s] Level 1:colcon.colcon_core.package_identification:_identify(install) by extension 'ignore'
[2.032s] Level 1:colcon.colcon_core.package_identification:_identify(install) ignored
[2.032s] Level 1:colcon.colcon_core.package_identification:_identify(log) by extensions ['ignore', 'ignore_ament_install']
[2.033s] Level 1:colcon.colcon_core.package_identification:_identify(log) by extension 'ignore'
[2.033s] Level 1:colcon.colcon_core.package_identification:_identify(log) ignored
[2.033s] Level 1:colcon.colcon_core.package_discovery:discover_packages(recursive) using defaults
[2.034s] Level 1:colcon.colcon_core.package_discovery:discover_packages(ignore) discover
[2.034s] Level 1:colcon.colcon_core.package_discovery:discover_packages(ignore) using defaults
[2.034s] Level 1:colcon.colcon_core.package_discovery:discover_packages(path) discover
[2.034s] Level 1:colcon.colcon_core.package_discovery:discover_packages(path) using defaults
[2.170s] Level 1:colcon.colcon_core.package_discovery:discover_packages(prefix_path) check parameters
[2.170s] Level 1:colcon.colcon_core.package_discovery:discover_packages(prefix_path) discover
[2.179s] DEBUG:colcon.colcon_installed_package_information.package_discovery:Found 54 installed packages in /opt/tros/humble
[2.188s] DEBUG:colcon.colcon_installed_package_information.package_discovery:Found 182 installed packages in /opt/ros/humble
[2.197s] Level 1:colcon.colcon_core.package_discovery:discover_packages(prefix_path) using defaults
[2.500s] Level 5:colcon.colcon_core.verb:set package 'body_pose_subscriber' build argument 'cmake_args' from command line to 'None'
[2.500s] Level 5:colcon.colcon_core.verb:set package 'body_pose_subscriber' build argument 'cmake_target' from command line to 'None'
[2.501s] Level 5:colcon.colcon_core.verb:set package 'body_pose_subscriber' build argument 'cmake_target_skip_unavailable' from command line to 'False'
[2.501s] Level 5:colcon.colcon_core.verb:set package 'body_pose_subscriber' build argument 'cmake_clean_cache' from command line to 'False'
[2.501s] Level 5:colcon.colcon_core.verb:set package 'body_pose_subscriber' build argument 'cmake_clean_first' from command line to 'False'
[2.501s] Level 5:colcon.colcon_core.verb:set package 'body_pose_subscriber' build argument 'cmake_force_configure' from command line to 'False'
[2.501s] Level 5:colcon.colcon_core.verb:set package 'body_pose_subscriber' build argument 'ament_cmake_args' from command line to 'None'
[2.502s] Level 5:colcon.colcon_core.verb:set package 'body_pose_subscriber' build argument 'catkin_cmake_args' from command line to 'None'
[2.502s] Level 5:colcon.colcon_core.verb:set package 'body_pose_subscriber' build argument 'catkin_skip_building_tests' from command line to 'False'
[2.502s] DEBUG:colcon.colcon_core.verb:Building package 'body_pose_subscriber' with the following arguments: {'ament_cmake_args': None, 'build_base': '/userdata/pyx_ws/build/body_pose_subscriber', 'catkin_cmake_args': None, 'catkin_skip_building_tests': False, 'cmake_args': None, 'cmake_clean_cache': False, 'cmake_clean_first': False, 'cmake_force_configure': False, 'cmake_target': None, 'cmake_target_skip_unavailable': False, 'install_base': '/userdata/pyx_ws/install/body_pose_subscriber', 'merge_install': False, 'path': '/userdata/pyx_ws/body_pose_subscriber', 'symlink_install': False, 'test_result_base': None}
[2.503s] INFO:colcon.colcon_core.executor:Executing jobs using 'parallel' executor
[2.508s] DEBUG:colcon.colcon_parallel_executor.executor.parallel:run_until_complete
[2.509s] INFO:colcon.colcon_ros.task.ament_python.build:Building ROS package in '/userdata/pyx_ws/body_pose_subscriber' with build type 'ament_python'
[2.510s] Level 1:colcon.colcon_core.shell:create_environment_hook('body_pose_subscriber', 'ament_prefix_path')
[2.520s] INFO:colcon.colcon_core.plugin_system:Skipping extension 'colcon_core.shell.bat': Not used on non-Windows systems
[2.522s] INFO:colcon.colcon_core.shell:Creating environment hook '/userdata/pyx_ws/install/body_pose_subscriber/share/body_pose_subscriber/hook/ament_prefix_path.ps1'
[2.527s] INFO:colcon.colcon_core.shell:Creating environment descriptor '/userdata/pyx_ws/install/body_pose_subscriber/share/body_pose_subscriber/hook/ament_prefix_path.dsv'
[2.529s] INFO:colcon.colcon_core.shell:Creating environment hook '/userdata/pyx_ws/install/body_pose_subscriber/share/body_pose_subscriber/hook/ament_prefix_path.sh'
[2.534s] INFO:colcon.colcon_core.shell:Skip shell extension 'powershell' for command environment: Not usable outside of PowerShell
[2.534s] DEBUG:colcon.colcon_core.shell:Skip shell extension 'dsv' for command environment
[4.013s] INFO:colcon.colcon_core.task.python.build:Building Python package in '/userdata/pyx_ws/body_pose_subscriber'
[4.015s] INFO:colcon.colcon_core.shell:Skip shell extension 'powershell' for command environment: Not usable outside of PowerShell
[4.015s] DEBUG:colcon.colcon_core.shell:Skip shell extension 'dsv' for command environment
[6.352s] DEBUG:colcon.colcon_core.event_handler.log_command:Invoking command in '/userdata/pyx_ws/body_pose_subscriber': PYTHONPATH=/userdata/pyx_ws/build/body_pose_subscriber/prefix_override:/usr/lib/python3/dist-packages/colcon_core/task/python/colcon_distutils_commands:/userdata/pyx_ws/install/body_pose_subscriber/lib/python3.10/site-packages:${PYTHONPATH} /usr/bin/python3 -W ignore:setup.py install is deprecated -W ignore:easy_install command is deprecated setup.py egg_info --egg-base ../build/body_pose_subscriber build --build-base /userdata/pyx_ws/build/body_pose_subscriber/build install --record /userdata/pyx_ws/build/body_pose_subscriber/install.log --single-version-externally-managed install_data
[8.160s] DEBUG:colcon.colcon_core.event_handler.log_command:Invoked command in '/userdata/pyx_ws/body_pose_subscriber' returned '0': PYTHONPATH=/userdata/pyx_ws/build/body_pose_subscriber/prefix_override:/usr/lib/python3/dist-packages/colcon_core/task/python/colcon_distutils_commands:/userdata/pyx_ws/install/body_pose_subscriber/lib/python3.10/site-packages:${PYTHONPATH} /usr/bin/python3 -W ignore:setup.py install is deprecated -W ignore:easy_install command is deprecated setup.py egg_info --egg-base ../build/body_pose_subscriber build --build-base /userdata/pyx_ws/build/body_pose_subscriber/build install --record /userdata/pyx_ws/build/body_pose_subscriber/install.log --single-version-externally-managed install_data
[8.177s] Level 1:colcon.colcon_core.environment:checking '/userdata/pyx_ws/install/body_pose_subscriber' for CMake module files
[8.182s] Level 1:colcon.colcon_core.environment:checking '/userdata/pyx_ws/install/body_pose_subscriber' for CMake config files
[8.189s] Level 1:colcon.colcon_core.environment:checking '/userdata/pyx_ws/install/body_pose_subscriber/lib'
[8.191s] Level 1:colcon.colcon_core.environment:checking '/userdata/pyx_ws/install/body_pose_subscriber/bin'
[8.193s] Level 1:colcon.colcon_core.environment:checking '/userdata/pyx_ws/install/body_pose_subscriber/lib/pkgconfig/body_pose_subscriber.pc'
[8.195s] Level 1:colcon.colcon_core.environment:checking '/userdata/pyx_ws/install/body_pose_subscriber/lib/python3.10/site-packages'
[8.195s] Level 1:colcon.colcon_core.shell:create_environment_hook('body_pose_subscriber', 'pythonpath')
[8.197s] INFO:colcon.colcon_core.shell:Creating environment hook '/userdata/pyx_ws/install/body_pose_subscriber/share/body_pose_subscriber/hook/pythonpath.ps1'
[8.200s] INFO:colcon.colcon_core.shell:Creating environment descriptor '/userdata/pyx_ws/install/body_pose_subscriber/share/body_pose_subscriber/hook/pythonpath.dsv'
[8.202s] INFO:colcon.colcon_core.shell:Creating environment hook '/userdata/pyx_ws/install/body_pose_subscriber/share/body_pose_subscriber/hook/pythonpath.sh'
[8.206s] Level 1:colcon.colcon_core.environment:checking '/userdata/pyx_ws/install/body_pose_subscriber/bin'
[8.206s] Level 1:colcon.colcon_core.environment:create_environment_scripts_only(body_pose_subscriber)
[8.209s] INFO:colcon.colcon_core.shell:Creating package script '/userdata/pyx_ws/install/body_pose_subscriber/share/body_pose_subscriber/package.ps1'
[8.215s] INFO:colcon.colcon_core.shell:Creating package descriptor '/userdata/pyx_ws/install/body_pose_subscriber/share/body_pose_subscriber/package.dsv'
[8.219s] INFO:colcon.colcon_core.shell:Creating package script '/userdata/pyx_ws/install/body_pose_subscriber/share/body_pose_subscriber/package.sh'
[8.224s] INFO:colcon.colcon_core.shell:Creating package script '/userdata/pyx_ws/install/body_pose_subscriber/share/body_pose_subscriber/package.bash'
[8.229s] INFO:colcon.colcon_core.shell:Creating package script '/userdata/pyx_ws/install/body_pose_subscriber/share/body_pose_subscriber/package.zsh'
[8.233s] Level 1:colcon.colcon_core.environment:create_file_with_runtime_dependencies(/userdata/pyx_ws/install/body_pose_subscriber/share/colcon-core/packages/body_pose_subscriber)
[8.235s] DEBUG:colcon.colcon_parallel_executor.executor.parallel:closing loop
[8.237s] DEBUG:colcon.colcon_parallel_executor.executor.parallel:loop closed
[8.238s] DEBUG:colcon.colcon_parallel_executor.executor.parallel:run_until_complete finished with '0'
[8.239s] DEBUG:colcon.colcon_core.event_reactor:joining thread
[8.265s] INFO:colcon.colcon_core.plugin_system:Skipping extension 'colcon_notification.desktop_notification.notify_send': Could not find 'notify-send'
[8.265s] INFO:colcon.colcon_core.plugin_system:Skipping extension 'colcon_notification.desktop_notification.terminal_notifier': Not used on non-Darwin systems
[8.266s] INFO:colcon.colcon_core.plugin_system:Skipping extension 'colcon_notification.desktop_notification.win32': Not used on non-Windows systems
[8.266s] INFO:colcon.colcon_notification.desktop_notification:Sending desktop notification using 'notify2'
[33.366s] DEBUG:colcon.colcon_notification.desktop_notification.notify2:Failed to initialize notify2: org.freedesktop.DBus.Error.NoReply: Did not receive a reply. Possible causes include: the remote application did not send a reply, the message bus security policy blocked the reply, the reply timeout expired, or the network connection was broken.
[33.368s] DEBUG:colcon.colcon_core.event_reactor:joined thread
[33.371s] INFO:colcon.colcon_core.shell:Creating prefix script '/userdata/pyx_ws/install/local_setup.ps1'
[33.380s] INFO:colcon.colcon_core.shell:Creating prefix util module '/userdata/pyx_ws/install/_local_setup_util_ps1.py'
[33.391s] INFO:colcon.colcon_core.shell:Creating prefix chain script '/userdata/pyx_ws/install/setup.ps1'
[33.398s] INFO:colcon.colcon_core.shell:Creating prefix script '/userdata/pyx_ws/install/local_setup.sh'
[33.402s] INFO:colcon.colcon_core.shell:Creating prefix util module '/userdata/pyx_ws/install/_local_setup_util_sh.py'
[33.405s] INFO:colcon.colcon_core.shell:Creating prefix chain script '/userdata/pyx_ws/install/setup.sh'
[33.412s] INFO:colcon.colcon_core.shell:Creating prefix script '/userdata/pyx_ws/install/local_setup.bash'
[33.415s] INFO:colcon.colcon_core.shell:Creating prefix chain script '/userdata/pyx_ws/install/setup.bash'
[33.421s] INFO:colcon.colcon_core.shell:Creating prefix script '/userdata/pyx_ws/install/local_setup.zsh'
[33.424s] INFO:colcon.colcon_core.shell:Creating prefix chain script '/userdata/pyx_ws/install/setup.zsh'
