[0.987s] DEBUG:colcon:Command line arguments: ['/usr/bin/colcon', 'build']
[0.988s] DEBUG:colcon:Parsed command line arguments: Namespace(log_base=None, log_level=None, verb_name='build', build_base='build', install_base='install', merge_install=False, symlink_install=False, test_result_base=None, continue_on_error=False, executor='parallel', parallel_workers=8, event_handlers=None, ignore_user_meta=False, metas=['./colcon.meta'], base_paths=['.'], packages_ignore=None, packages_ignore_regex=None, paths=None, packages_up_to=None, packages_up_to_regex=None, packages_above=None, packages_above_and_dependencies=None, packages_above_depth=None, packages_select_by_dep=None, packages_skip_by_dep=None, packages_skip_up_to=None, packages_select_build_failed=False, packages_skip_build_finished=False, packages_select_test_failures=False, packages_skip_test_passed=False, packages_select=None, packages_skip=None, packages_select_regex=None, packages_skip_regex=None, packages_start=None, packages_end=None, allow_overriding=[], cmake_args=None, cmake_target=None, cmake_target_skip_unavailable=False, cmake_clean_cache=False, cmake_clean_first=False, cmake_force_configure=False, ament_cmake_args=None, catkin_cmake_args=None, catkin_skip_building_tests=False, verb_parser=<colcon_defaults.argument_parser.defaults.DefaultArgumentsDecorator object at 0xffffa2986ec0>, verb_extension=<colcon_core.verb.build.BuildVerb object at 0xffffa2adcd60>, main=<bound method BuildVerb.main of <colcon_core.verb.build.BuildVerb object at 0xffffa2adcd60>>)
[1.985s] Level 1:colcon.colcon_core.package_discovery:discover_packages(colcon_meta) check parameters
[1.986s] Level 1:colcon.colcon_core.package_discovery:discover_packages(recursive) check parameters
[1.986s] Level 1:colcon.colcon_core.package_discovery:discover_packages(ignore) check parameters
[1.986s] Level 1:colcon.colcon_core.package_discovery:discover_packages(path) check parameters
[1.987s] Level 1:colcon.colcon_core.package_discovery:discover_packages(colcon_meta) discover
[1.987s] Level 1:colcon.colcon_core.package_discovery:discover_packages(recursive) discover
[1.987s] INFO:colcon.colcon_core.package_discovery:Crawling recursively for packages in '/userdata/pyx_ws'
[1.988s] Level 1:colcon.colcon_core.package_identification:_identify(.) by extensions ['ignore', 'ignore_ament_install']
[1.988s] Level 1:colcon.colcon_core.package_identification:_identify(.) by extension 'ignore'
[1.989s] Level 1:colcon.colcon_core.package_identification:_identify(.) by extension 'ignore_ament_install'
[1.989s] Level 1:colcon.colcon_core.package_identification:_identify(.) by extensions ['colcon_pkg']
[1.989s] Level 1:colcon.colcon_core.package_identification:_identify(.) by extension 'colcon_pkg'
[1.990s] Level 1:colcon.colcon_core.package_identification:_identify(.) by extensions ['colcon_meta']
[1.990s] Level 1:colcon.colcon_core.package_identification:_identify(.) by extension 'colcon_meta'
[1.990s] Level 1:colcon.colcon_core.package_identification:_identify(.) by extensions ['ros']
[1.990s] Level 1:colcon.colcon_core.package_identification:_identify(.) by extension 'ros'
[2.069s] Level 1:colcon.colcon_core.package_identification:_identify(.) by extensions ['cmake', 'python']
[2.069s] Level 1:colcon.colcon_core.package_identification:_identify(.) by extension 'cmake'
[2.069s] Level 1:colcon.colcon_core.package_identification:_identify(.) by extension 'python'
[2.070s] Level 1:colcon.colcon_core.package_identification:_identify(.) by extensions ['python_setup_py']
[2.070s] Level 1:colcon.colcon_core.package_identification:_identify(.) by extension 'python_setup_py'
[2.071s] Level 1:colcon.colcon_core.package_identification:_identify(body_pose_subscriber) by extensions ['ignore', 'ignore_ament_install']
[2.071s] Level 1:colcon.colcon_core.package_identification:_identify(body_pose_subscriber) by extension 'ignore'
[2.072s] Level 1:colcon.colcon_core.package_identification:_identify(body_pose_subscriber) by extension 'ignore_ament_install'
[2.072s] Level 1:colcon.colcon_core.package_identification:_identify(body_pose_subscriber) by extensions ['colcon_pkg']
[2.072s] Level 1:colcon.colcon_core.package_identification:_identify(body_pose_subscriber) by extension 'colcon_pkg'
[2.073s] Level 1:colcon.colcon_core.package_identification:_identify(body_pose_subscriber) by extensions ['colcon_meta']
[2.073s] Level 1:colcon.colcon_core.package_identification:_identify(body_pose_subscriber) by extension 'colcon_meta'
[2.073s] Level 1:colcon.colcon_core.package_identification:_identify(body_pose_subscriber) by extensions ['ros']
[2.073s] Level 1:colcon.colcon_core.package_identification:_identify(body_pose_subscriber) by extension 'ros'
[2.091s] DEBUG:colcon.colcon_core.package_identification:Package 'body_pose_subscriber' with type 'ros.ament_python' and name 'body_pose_subscriber'
[2.092s] Level 1:colcon.colcon_core.package_identification:_identify(build) by extensions ['ignore', 'ignore_ament_install']
[2.093s] Level 1:colcon.colcon_core.package_identification:_identify(build) by extension 'ignore'
[2.093s] Level 1:colcon.colcon_core.package_identification:_identify(build) ignored
[2.094s] Level 1:colcon.colcon_core.package_identification:_identify(install) by extensions ['ignore', 'ignore_ament_install']
[2.094s] Level 1:colcon.colcon_core.package_identification:_identify(install) by extension 'ignore'
[2.094s] Level 1:colcon.colcon_core.package_identification:_identify(install) ignored
[2.095s] Level 1:colcon.colcon_core.package_identification:_identify(log) by extensions ['ignore', 'ignore_ament_install']
[2.096s] Level 1:colcon.colcon_core.package_identification:_identify(log) by extension 'ignore'
[2.096s] Level 1:colcon.colcon_core.package_identification:_identify(log) ignored
[2.096s] Level 1:colcon.colcon_core.package_discovery:discover_packages(recursive) using defaults
[2.096s] Level 1:colcon.colcon_core.package_discovery:discover_packages(ignore) discover
[2.097s] Level 1:colcon.colcon_core.package_discovery:discover_packages(ignore) using defaults
[2.097s] Level 1:colcon.colcon_core.package_discovery:discover_packages(path) discover
[2.097s] Level 1:colcon.colcon_core.package_discovery:discover_packages(path) using defaults
[2.245s] Level 1:colcon.colcon_core.package_discovery:discover_packages(prefix_path) check parameters
[2.246s] Level 1:colcon.colcon_core.package_discovery:discover_packages(prefix_path) discover
[2.253s] Level 1:colcon.colcon_core.package_discovery:discover_packages(prefix_path) using defaults
[2.261s] Level 5:colcon.colcon_core.verb:set package 'body_pose_subscriber' build argument 'cmake_args' from command line to 'None'
[2.261s] Level 5:colcon.colcon_core.verb:set package 'body_pose_subscriber' build argument 'cmake_target' from command line to 'None'
[2.261s] Level 5:colcon.colcon_core.verb:set package 'body_pose_subscriber' build argument 'cmake_target_skip_unavailable' from command line to 'False'
[2.262s] Level 5:colcon.colcon_core.verb:set package 'body_pose_subscriber' build argument 'cmake_clean_cache' from command line to 'False'
[2.262s] Level 5:colcon.colcon_core.verb:set package 'body_pose_subscriber' build argument 'cmake_clean_first' from command line to 'False'
[2.262s] Level 5:colcon.colcon_core.verb:set package 'body_pose_subscriber' build argument 'cmake_force_configure' from command line to 'False'
[2.262s] Level 5:colcon.colcon_core.verb:set package 'body_pose_subscriber' build argument 'ament_cmake_args' from command line to 'None'
[2.262s] Level 5:colcon.colcon_core.verb:set package 'body_pose_subscriber' build argument 'catkin_cmake_args' from command line to 'None'
[2.263s] Level 5:colcon.colcon_core.verb:set package 'body_pose_subscriber' build argument 'catkin_skip_building_tests' from command line to 'False'
[2.263s] DEBUG:colcon.colcon_core.verb:Building package 'body_pose_subscriber' with the following arguments: {'ament_cmake_args': None, 'build_base': '/userdata/pyx_ws/build/body_pose_subscriber', 'catkin_cmake_args': None, 'catkin_skip_building_tests': False, 'cmake_args': None, 'cmake_clean_cache': False, 'cmake_clean_first': False, 'cmake_force_configure': False, 'cmake_target': None, 'cmake_target_skip_unavailable': False, 'install_base': '/userdata/pyx_ws/install/body_pose_subscriber', 'merge_install': False, 'path': '/userdata/pyx_ws/body_pose_subscriber', 'symlink_install': False, 'test_result_base': None}
[2.264s] INFO:colcon.colcon_core.executor:Executing jobs using 'parallel' executor
[2.268s] DEBUG:colcon.colcon_parallel_executor.executor.parallel:run_until_complete
[2.270s] INFO:colcon.colcon_ros.task.ament_python.build:Building ROS package in '/userdata/pyx_ws/body_pose_subscriber' with build type 'ament_python'
[2.270s] Level 1:colcon.colcon_core.shell:create_environment_hook('body_pose_subscriber', 'ament_prefix_path')
[2.291s] INFO:colcon.colcon_core.plugin_system:Skipping extension 'colcon_core.shell.bat': Not used on non-Windows systems
[2.293s] INFO:colcon.colcon_core.shell:Creating environment hook '/userdata/pyx_ws/install/body_pose_subscriber/share/body_pose_subscriber/hook/ament_prefix_path.ps1'
[2.298s] INFO:colcon.colcon_core.shell:Creating environment descriptor '/userdata/pyx_ws/install/body_pose_subscriber/share/body_pose_subscriber/hook/ament_prefix_path.dsv'
[2.302s] INFO:colcon.colcon_core.shell:Creating environment hook '/userdata/pyx_ws/install/body_pose_subscriber/share/body_pose_subscriber/hook/ament_prefix_path.sh'
[2.308s] INFO:colcon.colcon_core.shell:Skip shell extension 'powershell' for command environment: Not usable outside of PowerShell
[2.309s] DEBUG:colcon.colcon_core.shell:Skip shell extension 'dsv' for command environment
[3.536s] INFO:colcon.colcon_core.task.python.build:Building Python package in '/userdata/pyx_ws/body_pose_subscriber'
[3.537s] INFO:colcon.colcon_core.shell:Skip shell extension 'powershell' for command environment: Not usable outside of PowerShell
[3.538s] DEBUG:colcon.colcon_core.shell:Skip shell extension 'dsv' for command environment
[5.561s] DEBUG:colcon.colcon_core.event_handler.log_command:Invoking command in '/userdata/pyx_ws/body_pose_subscriber': PYTHONPATH=/userdata/pyx_ws/build/body_pose_subscriber/prefix_override:/usr/lib/python3/dist-packages/colcon_core/task/python/colcon_distutils_commands:/userdata/pyx_ws/install/body_pose_subscriber/lib/python3.10/site-packages: /usr/bin/python3 -W ignore:setup.py install is deprecated -W ignore:easy_install command is deprecated setup.py egg_info --egg-base ../build/body_pose_subscriber build --build-base /userdata/pyx_ws/build/body_pose_subscriber/build install --record /userdata/pyx_ws/build/body_pose_subscriber/install.log --single-version-externally-managed install_data
[7.010s] DEBUG:colcon.colcon_core.event_handler.log_command:Invoked command in '/userdata/pyx_ws/body_pose_subscriber' returned '0': PYTHONPATH=/userdata/pyx_ws/build/body_pose_subscriber/prefix_override:/usr/lib/python3/dist-packages/colcon_core/task/python/colcon_distutils_commands:/userdata/pyx_ws/install/body_pose_subscriber/lib/python3.10/site-packages: /usr/bin/python3 -W ignore:setup.py install is deprecated -W ignore:easy_install command is deprecated setup.py egg_info --egg-base ../build/body_pose_subscriber build --build-base /userdata/pyx_ws/build/body_pose_subscriber/build install --record /userdata/pyx_ws/build/body_pose_subscriber/install.log --single-version-externally-managed install_data
[7.043s] Level 1:colcon.colcon_core.environment:checking '/userdata/pyx_ws/install/body_pose_subscriber' for CMake module files
[7.047s] Level 1:colcon.colcon_core.environment:checking '/userdata/pyx_ws/install/body_pose_subscriber' for CMake config files
[7.051s] Level 1:colcon.colcon_core.environment:checking '/userdata/pyx_ws/install/body_pose_subscriber/lib'
[7.052s] Level 1:colcon.colcon_core.environment:checking '/userdata/pyx_ws/install/body_pose_subscriber/bin'
[7.052s] Level 1:colcon.colcon_core.environment:checking '/userdata/pyx_ws/install/body_pose_subscriber/lib/pkgconfig/body_pose_subscriber.pc'
[7.054s] Level 1:colcon.colcon_core.environment:checking '/userdata/pyx_ws/install/body_pose_subscriber/lib/python3.10/site-packages'
[7.054s] Level 1:colcon.colcon_core.shell:create_environment_hook('body_pose_subscriber', 'pythonpath')
[7.056s] INFO:colcon.colcon_core.shell:Creating environment hook '/userdata/pyx_ws/install/body_pose_subscriber/share/body_pose_subscriber/hook/pythonpath.ps1'
[7.059s] INFO:colcon.colcon_core.shell:Creating environment descriptor '/userdata/pyx_ws/install/body_pose_subscriber/share/body_pose_subscriber/hook/pythonpath.dsv'
[7.061s] INFO:colcon.colcon_core.shell:Creating environment hook '/userdata/pyx_ws/install/body_pose_subscriber/share/body_pose_subscriber/hook/pythonpath.sh'
[7.065s] Level 1:colcon.colcon_core.environment:checking '/userdata/pyx_ws/install/body_pose_subscriber/bin'
[7.065s] Level 1:colcon.colcon_core.environment:create_environment_scripts_only(body_pose_subscriber)
[7.068s] INFO:colcon.colcon_core.shell:Creating package script '/userdata/pyx_ws/install/body_pose_subscriber/share/body_pose_subscriber/package.ps1'
[7.075s] INFO:colcon.colcon_core.shell:Creating package descriptor '/userdata/pyx_ws/install/body_pose_subscriber/share/body_pose_subscriber/package.dsv'
[7.080s] INFO:colcon.colcon_core.shell:Creating package script '/userdata/pyx_ws/install/body_pose_subscriber/share/body_pose_subscriber/package.sh'
[7.085s] INFO:colcon.colcon_core.shell:Creating package script '/userdata/pyx_ws/install/body_pose_subscriber/share/body_pose_subscriber/package.bash'
[7.093s] INFO:colcon.colcon_core.shell:Creating package script '/userdata/pyx_ws/install/body_pose_subscriber/share/body_pose_subscriber/package.zsh'
[7.099s] Level 1:colcon.colcon_core.environment:create_file_with_runtime_dependencies(/userdata/pyx_ws/install/body_pose_subscriber/share/colcon-core/packages/body_pose_subscriber)
[7.100s] DEBUG:colcon.colcon_parallel_executor.executor.parallel:closing loop
[7.102s] DEBUG:colcon.colcon_parallel_executor.executor.parallel:loop closed
[7.102s] DEBUG:colcon.colcon_parallel_executor.executor.parallel:run_until_complete finished with '0'
[7.103s] DEBUG:colcon.colcon_core.event_reactor:joining thread
[7.163s] INFO:colcon.colcon_core.plugin_system:Skipping extension 'colcon_notification.desktop_notification.notify_send': Could not find 'notify-send'
[7.164s] INFO:colcon.colcon_core.plugin_system:Skipping extension 'colcon_notification.desktop_notification.terminal_notifier': Not used on non-Darwin systems
[7.164s] INFO:colcon.colcon_core.plugin_system:Skipping extension 'colcon_notification.desktop_notification.win32': Not used on non-Windows systems
[7.164s] INFO:colcon.colcon_notification.desktop_notification:Sending desktop notification using 'notify2'
